Case #1: 0 1 0 0
Case #2: IMPOSSIBLE
Case #3: 0 0 0 0 0 0 1 0 0
Case #4: IMPOSSIBLE
Case #5: 0 0 0 0 0
Case #6: 1
Case #7: 0 1 0
Case #8: 0 0 0 1 1 1
Case #9: 0 0
Case #10: 1 0 1 0 0
Case #11: 0 0
Case #12: 0 0
Case #13: IMPOSSIBLE
Case #14: IMPOSSIBLE
Case #15: 0 0
Case #16: 1 0 1 0 1 0 0 1 0
Case #17: 1 0
Case #18: 0 0
Case #19: 0 0 0 0 1 1 0
Case #20: 0 0 0 0 1 1 0 1 0
Case #21: 1 0 0
Case #22: IMPOSSIBLE
Case #23: IMPOSSIBLE
Case #24: 0 0 1 1
Case #25: 0 0 0 0 1 0 0
Case #26: IMPOSSIBLE
Case #27: 0 1
Case #28: IMPOSSIBLE
Case #29: 0 0
Case #30: 1 0 0 0 0
Case #31: 0 0
Case #32: 0 0 0 0 0 1
Case #33: 1 0 1 0 1 1 0 1 1 1
Case #34: 0 0
Case #35: 0 0 1 0
Case #36: 1 0
Case #37: 0 0 1 1 0 0 0 1 0
Case #38: IMPOSSIBLE
Case #39: 0 1 1 0 0 0
Case #40: 0 1 0
Case #41: 0 0
Case #42: 0 0 0 1 0
Case #43: 1 1
Case #44: 1 1 1 1 1 1 1 1 1 1
Case #45: 0 1 0 0
Case #46: IMPOSSIBLE
Case #47: 0 0
Case #48: IMPOSSIBLE
Case #49: 0 0 1
Case #50: 0 0 1 0 1
Case #51: 0 0 1
Case #52: IMPOSSIBLE
Case #53: IMPOSSIBLE
Case #54: 0 0 1 0 0 0 0 0 1
Case #55: 0 1 0 0 1 0 1 0
Case #56: 1 0 0
Case #57: 0 1 1 1 1 1 0 1 1
Case #58: 0 0 1 0 1 0
Case #59: 0 0 0 1 0 0 0
Case #60: 1 0
Case #61: 0 1
Case #62: 0 1 0 0 0 0
Case #63: 1 0 0 0
Case #64: 0 0 0 0 1 0
Case #65: IMPOSSIBLE
Case #66: 0 1 0 1 0
Case #67: 1 1
Case #68: 0 0
Case #69: IMPOSSIBLE
Case #70: 0 0
Case #71: 1 0 0 1 0 0 0 0
Case #72: 1 1
Case #73: 1 0 0 0 0 0 0 0 0
Case #74: 1 0 0
Case #75: 0 0
Case #76: 1 1 0 0 0 0 1 1 1 1
Case #77: 0 1 0 1 0 0 0 0 0 1
Case #78: 1 0 0 1
Case #79: 0 0 1
Case #80: 0 0 1 0 0 0 0 1
Case #81: 1 0 0 1 1 1 1
Case #82: 0
Case #83: 1 0 0 0
Case #84: 1 0
Case #85: IMPOSSIBLE
Case #86: 0 1
Case #87: 0 1 0 0 0 0
Case #88: 0 0 1 0 0 0 0 0 0 0
Case #89: 0 0
Case #90: 1 0
Case #91: 0 1 0 0 0 0 0
Case #92: 1 1 0 0 0 1 1
Case #93: 0 0 0 0 1 0 0
Case #94: 1 0 0 0 0
Case #95: 0 0 0 0 0 1 1 1 0 1
Case #96: 0 0 0 1
Case #97: 1 0 0 0 1
Case #98: 0 0 0 0 0
Case #99: 0 0
Case #100: 0 0 0 0 1
