Case #1: POSSIBLE
01000
00111
00011
00001
00000
Case #2: POSSIBLE
01
00
Case #3: IMPOSSIBLE
Case #4: POSSIBLE
0101010
0011111
0001111
0000111
0000011
0000001
0000000
Case #5: IMPOSSIBLE
Case #6: POSSIBLE
0010
0011
0001
0000
Case #7: POSSIBLE
000000001101100110110000100000110011100100110000
001111111111111111111111111111111111111111111111
000111111111111111111111111111111111111111111111
000011111111111111111111111111111111111111111111
000001111111111111111111111111111111111111111111
000000111111111111111111111111111111111111111111
000000011111111111111111111111111111111111111111
000000001111111111111111111111111111111111111111
000000000111111111111111111111111111111111111111
000000000011111111111111111111111111111111111111
000000000001111111111111111111111111111111111111
000000000000111111111111111111111111111111111111
000000000000011111111111111111111111111111111111
000000000000001111111111111111111111111111111111
000000000000000111111111111111111111111111111111
000000000000000011111111111111111111111111111111
000000000000000001111111111111111111111111111111
000000000000000000111111111111111111111111111111
000000000000000000011111111111111111111111111111
000000000000000000001111111111111111111111111111
000000000000000000000111111111111111111111111111
000000000000000000000011111111111111111111111111
000000000000000000000001111111111111111111111111
000000000000000000000000111111111111111111111111
000000000000000000000000011111111111111111111111
000000000000000000000000001111111111111111111111
000000000000000000000000000111111111111111111111
000000000000000000000000000011111111111111111111
000000000000000000000000000001111111111111111111
000000000000000000000000000000111111111111111111
000000000000000000000000000000011111111111111111
000000000000000000000000000000001111111111111111
000000000000000000000000000000000111111111111111
000000000000000000000000000000000011111111111111
000000000000000000000000000000000001111111111111
000000000000000000000000000000000000111111111111
000000000000000000000000000000000000011111111111
000000000000000000000000000000000000001111111111
000000000000000000000000000000000000000111111111
000000000000000000000000000000000000000011111111
000000000000000000000000000000000000000001111111
000000000000000000000000000000000000000000111111
000000000000000000000000000000000000000000011111
000000000000000000000000000000000000000000001111
000000000000000000000000000000000000000000000111
000000000000000000000000000000000000000000000011
000000000000000000000000000000000000000000000001
000000000000000000000000000000000000000000000000
Case #8: POSSIBLE
000011011111100011001111110
001111111111111111111111111
000111111111111111111111111
000011111111111111111111111
000001111111111111111111111
000000111111111111111111111
000000011111111111111111111
000000001111111111111111111
000000000111111111111111111
000000000011111111111111111
000000000001111111111111111
000000000000111111111111111
000000000000011111111111111
000000000000001111111111111
000000000000000111111111111
000000000000000011111111111
000000000000000001111111111
000000000000000000111111111
000000000000000000011111111
000000000000000000001111111
000000000000000000000111111
000000000000000000000011111
000000000000000000000001111
000000000000000000000000111
000000000000000000000000011
000000000000000000000000001
000000000000000000000000000
Case #9: POSSIBLE
0100010
0011111
0001111
0000111
0000011
0000001
0000000
Case #10: POSSIBLE
0110111010
0011111111
0001111111
0000111111
0000011111
0000001111
0000000111
0000000011
0000000001
0000000000
Case #11: POSSIBLE
0000011111110
0011111111111
0001111111111
0000111111111
0000011111111
0000001111111
0000000111111
0000000011111
0000000001111
0000000000111
0000000000011
0000000000001
0000000000000
Case #12: POSSIBLE
0001001101100000110101100000111000
0011111111111111111111111111111111
0001111111111111111111111111111111
0000111111111111111111111111111111
0000011111111111111111111111111111
0000001111111111111111111111111111
0000000111111111111111111111111111
0000000011111111111111111111111111
0000000001111111111111111111111111
0000000000111111111111111111111111
0000000000011111111111111111111111
0000000000001111111111111111111111
0000000000000111111111111111111111
0000000000000011111111111111111111
0000000000000001111111111111111111
0000000000000000111111111111111111
0000000000000000011111111111111111
0000000000000000001111111111111111
0000000000000000000111111111111111
0000000000000000000011111111111111
0000000000000000000001111111111111
0000000000000000000000111111111111
0000000000000000000000011111111111
0000000000000000000000001111111111
0000000000000000000000000111111111
0000000000000000000000000011111111
0000000000000000000000000001111111
0000000000000000000000000000111111
0000000000000000000000000000011111
0000000000000000000000000000001111
0000000000000000000000000000000111
0000000000000000000000000000000011
0000000000000000000000000000000001
0000000000000000000000000000000000
Case #13: POSSIBLE
0001101001111100000110010
0011111111111111111111111
0001111111111111111111111
0000111111111111111111111
0000011111111111111111111
0000001111111111111111111
0000000111111111111111111
0000000011111111111111111
0000000001111111111111111
0000000000111111111111111
0000000000011111111111111
0000000000001111111111111
0000000000000111111111111
0000000000000011111111111
0000000000000001111111111
0000000000000000111111111
0000000000000000011111111
0000000000000000001111111
0000000000000000000111111
0000000000000000000011111
0000000000000000000001111
0000000000000000000000111
0000000000000000000000011
0000000000000000000000001
0000000000000000000000000
Case #14: IMPOSSIBLE
Case #15: POSSIBLE
0011110
0011111
0001111
0000111
0000011
0000001
0000000
Case #16: POSSIBLE
0000001111011010011011010
0011111111111111111111111
0001111111111111111111111
0000111111111111111111111
0000011111111111111111111
0000001111111111111111111
0000000111111111111111111
0000000011111111111111111
0000000001111111111111111
0000000000111111111111111
0000000000011111111111111
0000000000001111111111111
0000000000000111111111111
0000000000000011111111111
0000000000000001111111111
0000000000000000111111111
0000000000000000011111111
0000000000000000001111111
0000000000000000000111111
0000000000000000000011111
0000000000000000000001111
0000000000000000000000111
0000000000000000000000011
0000000000000000000000001
0000000000000000000000000
Case #17: POSSIBLE
00110110100
00111111111
00011111111
00001111111
00000111111
00000011111
00000001111
00000000111
00000000011
00000000001
00000000000
Case #18: POSSIBLE
010
001
000
Case #19: IMPOSSIBLE
Case #20: POSSIBLE
0011000
0011111
0001111
0000111
0000011
0000001
0000000
Case #21: POSSIBLE
011110101100101101000111110111110000001011001110
001111111111111111111111111111111111111111111111
000111111111111111111111111111111111111111111111
000011111111111111111111111111111111111111111111
000001111111111111111111111111111111111111111111
000000111111111111111111111111111111111111111111
000000011111111111111111111111111111111111111111
000000001111111111111111111111111111111111111111
000000000111111111111111111111111111111111111111
000000000011111111111111111111111111111111111111
000000000001111111111111111111111111111111111111
000000000000111111111111111111111111111111111111
000000000000011111111111111111111111111111111111
000000000000001111111111111111111111111111111111
000000000000000111111111111111111111111111111111
000000000000000011111111111111111111111111111111
000000000000000001111111111111111111111111111111
000000000000000000111111111111111111111111111111
000000000000000000011111111111111111111111111111
000000000000000000001111111111111111111111111111
000000000000000000000111111111111111111111111111
000000000000000000000011111111111111111111111111
000000000000000000000001111111111111111111111111
000000000000000000000000111111111111111111111111
000000000000000000000000011111111111111111111111
000000000000000000000000001111111111111111111111
000000000000000000000000000111111111111111111111
000000000000000000000000000011111111111111111111
000000000000000000000000000001111111111111111111
000000000000000000000000000000111111111111111111
000000000000000000000000000000011111111111111111
000000000000000000000000000000001111111111111111
000000000000000000000000000000000111111111111111
000000000000000000000000000000000011111111111111
000000000000000000000000000000000001111111111111
000000000000000000000000000000000000111111111111
000000000000000000000000000000000000011111111111
000000000000000000000000000000000000001111111111
000000000000000000000000000000000000000111111111
000000000000000000000000000000000000000011111111
000000000000000000000000000000000000000001111111
000000000000000000000000000000000000000000111111
000000000000000000000000000000000000000000011111
000000000000000000000000000000000000000000001111
000000000000000000000000000000000000000000000111
000000000000000000000000000000000000000000000011
000000000000000000000000000000000000000000000001
000000000000000000000000000000000000000000000000
Case #22: POSSIBLE
010000101100000101110110011100011100100110
001111111111111111111111111111111111111111
000111111111111111111111111111111111111111
000011111111111111111111111111111111111111
000001111111111111111111111111111111111111
000000111111111111111111111111111111111111
000000011111111111111111111111111111111111
000000001111111111111111111111111111111111
000000000111111111111111111111111111111111
000000000011111111111111111111111111111111
000000000001111111111111111111111111111111
000000000000111111111111111111111111111111
000000000000011111111111111111111111111111
000000000000001111111111111111111111111111
000000000000000111111111111111111111111111
000000000000000011111111111111111111111111
000000000000000001111111111111111111111111
000000000000000000111111111111111111111111
000000000000000000011111111111111111111111
000000000000000000001111111111111111111111
000000000000000000000111111111111111111111
000000000000000000000011111111111111111111
000000000000000000000001111111111111111111
000000000000000000000000111111111111111111
000000000000000000000000011111111111111111
000000000000000000000000001111111111111111
000000000000000000000000000111111111111111
000000000000000000000000000011111111111111
000000000000000000000000000001111111111111
000000000000000000000000000000111111111111
000000000000000000000000000000011111111111
000000000000000000000000000000001111111111
000000000000000000000000000000000111111111
000000000000000000000000000000000011111111
000000000000000000000000000000000001111111
000000000000000000000000000000000000111111
000000000000000000000000000000000000011111
000000000000000000000000000000000000001111
000000000000000000000000000000000000000111
000000000000000000000000000000000000000011
000000000000000000000000000000000000000001
000000000000000000000000000000000000000000
Case #23: POSSIBLE
01111111111111111111111111111111111111111111111110
00111111111111111111111111111111111111111111111111
00011111111111111111111111111111111111111111111111
00001111111111111111111111111111111111111111111111
00000111111111111111111111111111111111111111111111
00000011111111111111111111111111111111111111111111
00000001111111111111111111111111111111111111111111
00000000111111111111111111111111111111111111111111
00000000011111111111111111111111111111111111111111
00000000001111111111111111111111111111111111111111
00000000000111111111111111111111111111111111111111
00000000000011111111111111111111111111111111111111
00000000000001111111111111111111111111111111111111
00000000000000111111111111111111111111111111111111
00000000000000011111111111111111111111111111111111
00000000000000001111111111111111111111111111111111
00000000000000000111111111111111111111111111111111
00000000000000000011111111111111111111111111111111
00000000000000000001111111111111111111111111111111
00000000000000000000111111111111111111111111111111
00000000000000000000011111111111111111111111111111
00000000000000000000001111111111111111111111111111
00000000000000000000000111111111111111111111111111
00000000000000000000000011111111111111111111111111
00000000000000000000000001111111111111111111111111
00000000000000000000000000111111111111111111111111
00000000000000000000000000011111111111111111111111
00000000000000000000000000001111111111111111111111
00000000000000000000000000000111111111111111111111
00000000000000000000000000000011111111111111111111
00000000000000000000000000000001111111111111111111
00000000000000000000000000000000111111111111111111
00000000000000000000000000000000011111111111111111
00000000000000000000000000000000001111111111111111
00000000000000000000000000000000000111111111111111
00000000000000000000000000000000000011111111111111
00000000000000000000000000000000000001111111111111
00000000000000000000000000000000000000111111111111
00000000000000000000000000000000000000011111111111
00000000000000000000000000000000000000001111111111
00000000000000000000000000000000000000000111111111
00000000000000000000000000000000000000000011111111
00000000000000000000000000000000000000000001111111
00000000000000000000000000000000000000000000111111
00000000000000000000000000000000000000000000011111
00000000000000000000000000000000000000000000001111
00000000000000000000000000000000000000000000000111
00000000000000000000000000000000000000000000000011
00000000000000000000000000000000000000000000000001
00000000000000000000000000000000000000000000000000
Case #24: POSSIBLE
0100100
0011111
0001111
0000111
0000011
0000001
0000000
Case #25: POSSIBLE
01100101100
00111111111
00011111111
00001111111
00000111111
00000011111
00000001111
00000000111
00000000011
00000000001
00000000000
Case #26: POSSIBLE
0001100
0011111
0001111
0000111
0000011
0000001
0000000
Case #27: IMPOSSIBLE
Case #28: POSSIBLE
0110110
0011111
0001111
0000111
0000011
0000001
0000000
Case #29: POSSIBLE
0110100
0011111
0001111
0000111
0000011
0000001
0000000
Case #30: POSSIBLE
00110011110
00111111111
00011111111
00001111111
00000111111
00000011111
00000001111
00000000111
00000000011
00000000001
00000000000
Case #31: POSSIBLE
00100000111001101000100
00111111111111111111111
00011111111111111111111
00001111111111111111111
00000111111111111111111
00000011111111111111111
00000001111111111111111
00000000111111111111111
00000000011111111111111
00000000001111111111111
00000000000111111111111
00000000000011111111111
00000000000001111111111
00000000000000111111111
00000000000000011111111
00000000000000001111111
00000000000000000111111
00000000000000000011111
00000000000000000001111
00000000000000000000111
00000000000000000000011
00000000000000000000001
00000000000000000000000
Case #32: IMPOSSIBLE
Case #33: POSSIBLE
0100001001101101000011011010101110
0011111111111111111111111111111111
0001111111111111111111111111111111
0000111111111111111111111111111111
0000011111111111111111111111111111
0000001111111111111111111111111111
0000000111111111111111111111111111
0000000011111111111111111111111111
0000000001111111111111111111111111
0000000000111111111111111111111111
0000000000011111111111111111111111
0000000000001111111111111111111111
0000000000000111111111111111111111
0000000000000011111111111111111111
0000000000000001111111111111111111
0000000000000000111111111111111111
0000000000000000011111111111111111
0000000000000000001111111111111111
0000000000000000000111111111111111
0000000000000000000011111111111111
0000000000000000000001111111111111
0000000000000000000000111111111111
0000000000000000000000011111111111
0000000000000000000000001111111111
0000000000000000000000000111111111
0000000000000000000000000011111111
0000000000000000000000000001111111
0000000000000000000000000000111111
0000000000000000000000000000011111
0000000000000000000000000000001111
0000000000000000000000000000000111
0000000000000000000000000000000011
0000000000000000000000000000000001
0000000000000000000000000000000000
Case #34: POSSIBLE
0100
0011
0001
0000
Case #35: POSSIBLE
0111111
0011111
0001111
0000111
0000011
0000001
0000000
Case #36: POSSIBLE
0000100
0011111
0001111
0000111
0000011
0000001
0000000
Case #37: POSSIBLE
0110010
0011111
0001111
0000111
0000011
0000001
0000000
Case #38: POSSIBLE
0000110
0011111
0001111
0000111
0000011
0000001
0000000
Case #39: POSSIBLE
0000010
0011111
0001111
0000111
0000011
0000001
0000000
Case #40: POSSIBLE
00110000111001110001010
00111111111111111111111
00011111111111111111111
00001111111111111111111
00000111111111111111111
00000011111111111111111
00000001111111111111111
00000000111111111111111
00000000011111111111111
00000000001111111111111
00000000000111111111111
00000000000011111111111
00000000000001111111111
00000000000000111111111
00000000000000011111111
00000000000000001111111
00000000000000000111111
00000000000000000011111
00000000000000000001111
00000000000000000000111
00000000000000000000011
00000000000000000000001
00000000000000000000000
Case #41: POSSIBLE
01111011010111101011111000101110100110
00111111111111111111111111111111111111
00011111111111111111111111111111111111
00001111111111111111111111111111111111
00000111111111111111111111111111111111
00000011111111111111111111111111111111
00000001111111111111111111111111111111
00000000111111111111111111111111111111
00000000011111111111111111111111111111
00000000001111111111111111111111111111
00000000000111111111111111111111111111
00000000000011111111111111111111111111
00000000000001111111111111111111111111
00000000000000111111111111111111111111
00000000000000011111111111111111111111
00000000000000001111111111111111111111
00000000000000000111111111111111111111
00000000000000000011111111111111111111
00000000000000000001111111111111111111
00000000000000000000111111111111111111
00000000000000000000011111111111111111
00000000000000000000001111111111111111
00000000000000000000000111111111111111
00000000000000000000000011111111111111
00000000000000000000000001111111111111
00000000000000000000000000111111111111
00000000000000000000000000011111111111
00000000000000000000000000001111111111
00000000000000000000000000000111111111
00000000000000000000000000000011111111
00000000000000000000000000000001111111
00000000000000000000000000000000111111
00000000000000000000000000000000011111
00000000000000000000000000000000001111
00000000000000000000000000000000000111
00000000000000000000000000000000000011
00000000000000000000000000000000000001
00000000000000000000000000000000000000
Case #42: POSSIBLE
011
001
000
Case #43: IMPOSSIBLE
Case #44: POSSIBLE
0101011111111111100101110011101110110
0011111111111111111111111111111111111
0001111111111111111111111111111111111
0000111111111111111111111111111111111
0000011111111111111111111111111111111
0000001111111111111111111111111111111
0000000111111111111111111111111111111
0000000011111111111111111111111111111
0000000001111111111111111111111111111
0000000000111111111111111111111111111
0000000000011111111111111111111111111
0000000000001111111111111111111111111
0000000000000111111111111111111111111
0000000000000011111111111111111111111
0000000000000001111111111111111111111
0000000000000000111111111111111111111
0000000000000000011111111111111111111
0000000000000000001111111111111111111
0000000000000000000111111111111111111
0000000000000000000011111111111111111
0000000000000000000001111111111111111
0000000000000000000000111111111111111
0000000000000000000000011111111111111
0000000000000000000000001111111111111
0000000000000000000000000111111111111
0000000000000000000000000011111111111
0000000000000000000000000001111111111
0000000000000000000000000000111111111
0000000000000000000000000000011111111
0000000000000000000000000000001111111
0000000000000000000000000000000111111
0000000000000000000000000000000011111
0000000000000000000000000000000001111
0000000000000000000000000000000000111
0000000000000000000000000000000000011
0000000000000000000000000000000000001
0000000000000000000000000000000000000
Case #45: POSSIBLE
0010010
0011111
0001111
0000111
0000011
0000001
0000000
Case #46: POSSIBLE
00111101010101101000000100101001111001100
00111111111111111111111111111111111111111
00011111111111111111111111111111111111111
00001111111111111111111111111111111111111
00000111111111111111111111111111111111111
00000011111111111111111111111111111111111
00000001111111111111111111111111111111111
00000000111111111111111111111111111111111
00000000011111111111111111111111111111111
00000000001111111111111111111111111111111
00000000000111111111111111111111111111111
00000000000011111111111111111111111111111
00000000000001111111111111111111111111111
00000000000000111111111111111111111111111
00000000000000011111111111111111111111111
00000000000000001111111111111111111111111
00000000000000000111111111111111111111111
00000000000000000011111111111111111111111
00000000000000000001111111111111111111111
00000000000000000000111111111111111111111
00000000000000000000011111111111111111111
00000000000000000000001111111111111111111
00000000000000000000000111111111111111111
00000000000000000000000011111111111111111
00000000000000000000000001111111111111111
00000000000000000000000000111111111111111
00000000000000000000000000011111111111111
00000000000000000000000000001111111111111
00000000000000000000000000000111111111111
00000000000000000000000000000011111111111
00000000000000000000000000000001111111111
00000000000000000000000000000000111111111
00000000000000000000000000000000011111111
00000000000000000000000000000000001111111
00000000000000000000000000000000000111111
00000000000000000000000000000000000011111
00000000000000000000000000000000000001111
00000000000000000000000000000000000000111
00000000000000000000000000000000000000011
00000000000000000000000000000000000000001
00000000000000000000000000000000000000000
Case #47: POSSIBLE
01111111111111111111111111111111111111111111111111
00111111111111111111111111111111111111111111111111
00011111111111111111111111111111111111111111111111
00001111111111111111111111111111111111111111111111
00000111111111111111111111111111111111111111111111
00000011111111111111111111111111111111111111111111
00000001111111111111111111111111111111111111111111
00000000111111111111111111111111111111111111111111
00000000011111111111111111111111111111111111111111
00000000001111111111111111111111111111111111111111
00000000000111111111111111111111111111111111111111
00000000000011111111111111111111111111111111111111
00000000000001111111111111111111111111111111111111
00000000000000111111111111111111111111111111111111
00000000000000011111111111111111111111111111111111
00000000000000001111111111111111111111111111111111
00000000000000000111111111111111111111111111111111
00000000000000000011111111111111111111111111111111
00000000000000000001111111111111111111111111111111
00000000000000000000111111111111111111111111111111
00000000000000000000011111111111111111111111111111
00000000000000000000001111111111111111111111111111
00000000000000000000000111111111111111111111111111
00000000000000000000000011111111111111111111111111
00000000000000000000000001111111111111111111111111
00000000000000000000000000111111111111111111111111
00000000000000000000000000011111111111111111111111
00000000000000000000000000001111111111111111111111
00000000000000000000000000000111111111111111111111
00000000000000000000000000000011111111111111111111
00000000000000000000000000000001111111111111111111
00000000000000000000000000000000111111111111111111
00000000000000000000000000000000011111111111111111
00000000000000000000000000000000001111111111111111
00000000000000000000000000000000000111111111111111
00000000000000000000000000000000000011111111111111
00000000000000000000000000000000000001111111111111
00000000000000000000000000000000000000111111111111
00000000000000000000000000000000000000011111111111
00000000000000000000000000000000000000001111111111
00000000000000000000000000000000000000000111111111
00000000000000000000000000000000000000000011111111
00000000000000000000000000000000000000000001111111
00000000000000000000000000000000000000000000111111
00000000000000000000000000000000000000000000011111
00000000000000000000000000000000000000000000001111
00000000000000000000000000000000000000000000000111
00000000000000000000000000000000000000000000000011
00000000000000000000000000000000000000000000000001
00000000000000000000000000000000000000000000000000
Case #48: POSSIBLE
001110010010010010
001111111111111111
000111111111111111
000011111111111111
000001111111111111
000000111111111111
000000011111111111
000000001111111111
000000000111111111
000000000011111111
000000000001111111
000000000000111111
000000000000011111
000000000000001111
000000000000000111
000000000000000011
000000000000000001
000000000000000000
Case #49: POSSIBLE
0111111000001111001000010000
0011111111111111111111111111
0001111111111111111111111111
0000111111111111111111111111
0000011111111111111111111111
0000001111111111111111111111
0000000111111111111111111111
0000000011111111111111111111
0000000001111111111111111111
0000000000111111111111111111
0000000000011111111111111111
0000000000001111111111111111
0000000000000111111111111111
0000000000000011111111111111
0000000000000001111111111111
0000000000000000111111111111
0000000000000000011111111111
0000000000000000001111111111
0000000000000000000111111111
0000000000000000000011111111
0000000000000000000001111111
0000000000000000000000111111
0000000000000000000000011111
0000000000000000000000001111
0000000000000000000000000111
0000000000000000000000000011
0000000000000000000000000001
0000000000000000000000000000
Case #50: POSSIBLE
01111111010101011101110000111100
00111111111111111111111111111111
00011111111111111111111111111111
00001111111111111111111111111111
00000111111111111111111111111111
00000011111111111111111111111111
00000001111111111111111111111111
00000000111111111111111111111111
00000000011111111111111111111111
00000000001111111111111111111111
00000000000111111111111111111111
00000000000011111111111111111111
00000000000001111111111111111111
00000000000000111111111111111111
00000000000000011111111111111111
00000000000000001111111111111111
00000000000000000111111111111111
00000000000000000011111111111111
00000000000000000001111111111111
00000000000000000000111111111111
00000000000000000000011111111111
00000000000000000000001111111111
00000000000000000000000111111111
00000000000000000000000011111111
00000000000000000000000001111111
00000000000000000000000000111111
00000000000000000000000000011111
00000000000000000000000000001111
00000000000000000000000000000111
00000000000000000000000000000011
00000000000000000000000000000001
00000000000000000000000000000000
Case #51: POSSIBLE
0111100
0011111
0001111
0000111
0000011
0000001
0000000
Case #52: IMPOSSIBLE
Case #53: POSSIBLE
0001110
0011111
0001111
0000111
0000011
0000001
0000000
Case #54: POSSIBLE
0010110
0011111
0001111
0000111
0000011
0000001
0000000
Case #55: POSSIBLE
0100000
0011111
0001111
0000111
0000011
0000001
0000000
Case #56: POSSIBLE
00101000011101010100000111100001100101110110110
00111111111111111111111111111111111111111111111
00011111111111111111111111111111111111111111111
00001111111111111111111111111111111111111111111
00000111111111111111111111111111111111111111111
00000011111111111111111111111111111111111111111
00000001111111111111111111111111111111111111111
00000000111111111111111111111111111111111111111
00000000011111111111111111111111111111111111111
00000000001111111111111111111111111111111111111
00000000000111111111111111111111111111111111111
00000000000011111111111111111111111111111111111
00000000000001111111111111111111111111111111111
00000000000000111111111111111111111111111111111
00000000000000011111111111111111111111111111111
00000000000000001111111111111111111111111111111
00000000000000000111111111111111111111111111111
00000000000000000011111111111111111111111111111
00000000000000000001111111111111111111111111111
00000000000000000000111111111111111111111111111
00000000000000000000011111111111111111111111111
00000000000000000000001111111111111111111111111
00000000000000000000000111111111111111111111111
00000000000000000000000011111111111111111111111
00000000000000000000000001111111111111111111111
00000000000000000000000000111111111111111111111
00000000000000000000000000011111111111111111111
00000000000000000000000000001111111111111111111
00000000000000000000000000000111111111111111111
00000000000000000000000000000011111111111111111
00000000000000000000000000000001111111111111111
00000000000000000000000000000000111111111111111
00000000000000000000000000000000011111111111111
00000000000000000000000000000000001111111111111
00000000000000000000000000000000000111111111111
00000000000000000000000000000000000011111111111
00000000000000000000000000000000000001111111111
00000000000000000000000000000000000000111111111
00000000000000000000000000000000000000011111111
00000000000000000000000000000000000000001111111
00000000000000000000000000000000000000000111111
00000000000000000000000000000000000000000011111
00000000000000000000000000000000000000000001111
00000000000000000000000000000000000000000000111
00000000000000000000000000000000000000000000011
00000000000000000000000000000000000000000000001
00000000000000000000000000000000000000000000000
Case #57: POSSIBLE
0001100110110111000110110110
0011111111111111111111111111
0001111111111111111111111111
0000111111111111111111111111
0000011111111111111111111111
0000001111111111111111111111
0000000111111111111111111111
0000000011111111111111111111
0000000001111111111111111111
0000000000111111111111111111
0000000000011111111111111111
0000000000001111111111111111
0000000000000111111111111111
0000000000000011111111111111
0000000000000001111111111111
0000000000000000111111111111
0000000000000000011111111111
0000000000000000001111111111
0000000000000000000111111111
0000000000000000000011111111
0000000000000000000001111111
0000000000000000000000111111
0000000000000000000000011111
0000000000000000000000001111
0000000000000000000000000111
0000000000000000000000000011
0000000000000000000000000001
0000000000000000000000000000
Case #58: POSSIBLE
001000010
001111111
000111111
000011111
000001111
000000111
000000011
000000001
000000000
Case #59: POSSIBLE
011011100000011001000000010011000
001111111111111111111111111111111
000111111111111111111111111111111
000011111111111111111111111111111
000001111111111111111111111111111
000000111111111111111111111111111
000000011111111111111111111111111
000000001111111111111111111111111
000000000111111111111111111111111
000000000011111111111111111111111
000000000001111111111111111111111
000000000000111111111111111111111
000000000000011111111111111111111
000000000000001111111111111111111
000000000000000111111111111111111
000000000000000011111111111111111
000000000000000001111111111111111
000000000000000000111111111111111
000000000000000000011111111111111
000000000000000000001111111111111
000000000000000000000111111111111
000000000000000000000011111111111
000000000000000000000001111111111
000000000000000000000000111111111
000000000000000000000000011111111
000000000000000000000000001111111
000000000000000000000000000111111
000000000000000000000000000011111
000000000000000000000000000001111
000000000000000000000000000000111
000000000000000000000000000000011
000000000000000000000000000000001
000000000000000000000000000000000
Case #60: POSSIBLE
0100110
0011111
0001111
0000111
0000011
0000001
0000000
Case #61: IMPOSSIBLE
Case #62: IMPOSSIBLE
Case #63: POSSIBLE
000111101110011101101011010001110100000110011010
001111111111111111111111111111111111111111111111
000111111111111111111111111111111111111111111111
000011111111111111111111111111111111111111111111
000001111111111111111111111111111111111111111111
000000111111111111111111111111111111111111111111
000000011111111111111111111111111111111111111111
000000001111111111111111111111111111111111111111
000000000111111111111111111111111111111111111111
000000000011111111111111111111111111111111111111
000000000001111111111111111111111111111111111111
000000000000111111111111111111111111111111111111
000000000000011111111111111111111111111111111111
000000000000001111111111111111111111111111111111
000000000000000111111111111111111111111111111111
000000000000000011111111111111111111111111111111
000000000000000001111111111111111111111111111111
000000000000000000111111111111111111111111111111
000000000000000000011111111111111111111111111111
000000000000000000001111111111111111111111111111
000000000000000000000111111111111111111111111111
000000000000000000000011111111111111111111111111
000000000000000000000001111111111111111111111111
000000000000000000000000111111111111111111111111
000000000000000000000000011111111111111111111111
000000000000000000000000001111111111111111111111
000000000000000000000000000111111111111111111111
000000000000000000000000000011111111111111111111
000000000000000000000000000001111111111111111111
000000000000000000000000000000111111111111111111
000000000000000000000000000000011111111111111111
000000000000000000000000000000001111111111111111
000000000000000000000000000000000111111111111111
000000000000000000000000000000000011111111111111
000000000000000000000000000000000001111111111111
000000000000000000000000000000000000111111111111
000000000000000000000000000000000000011111111111
000000000000000000000000000000000000001111111111
000000000000000000000000000000000000000111111111
000000000000000000000000000000000000000011111111
000000000000000000000000000000000000000001111111
000000000000000000000000000000000000000000111111
000000000000000000000000000000000000000000011111
000000000000000000000000000000000000000000001111
000000000000000000000000000000000000000000000111
000000000000000000000000000000000000000000000011
000000000000000000000000000000000000000000000001
000000000000000000000000000000000000000000000000
Case #64: POSSIBLE
0111111111111111111111111111111111111111111111111
0011111111111111111111111111111111111111111111111
0001111111111111111111111111111111111111111111111
0000111111111111111111111111111111111111111111111
0000011111111111111111111111111111111111111111111
0000001111111111111111111111111111111111111111111
0000000111111111111111111111111111111111111111111
0000000011111111111111111111111111111111111111111
0000000001111111111111111111111111111111111111111
0000000000111111111111111111111111111111111111111
0000000000011111111111111111111111111111111111111
0000000000001111111111111111111111111111111111111
0000000000000111111111111111111111111111111111111
0000000000000011111111111111111111111111111111111
0000000000000001111111111111111111111111111111111
0000000000000000111111111111111111111111111111111
0000000000000000011111111111111111111111111111111
0000000000000000001111111111111111111111111111111
0000000000000000000111111111111111111111111111111
0000000000000000000011111111111111111111111111111
0000000000000000000001111111111111111111111111111
0000000000000000000000111111111111111111111111111
0000000000000000000000011111111111111111111111111
0000000000000000000000001111111111111111111111111
0000000000000000000000000111111111111111111111111
0000000000000000000000000011111111111111111111111
0000000000000000000000000001111111111111111111111
0000000000000000000000000000111111111111111111111
0000000000000000000000000000011111111111111111111
0000000000000000000000000000001111111111111111111
0000000000000000000000000000000111111111111111111
0000000000000000000000000000000011111111111111111
0000000000000000000000000000000001111111111111111
0000000000000000000000000000000000111111111111111
0000000000000000000000000000000000011111111111111
0000000000000000000000000000000000001111111111111
0000000000000000000000000000000000000111111111111
0000000000000000000000000000000000000011111111111
0000000000000000000000000000000000000001111111111
0000000000000000000000000000000000000000111111111
0000000000000000000000000000000000000000011111111
0000000000000000000000000000000000000000001111111
0000000000000000000000000000000000000000000111111
0000000000000000000000000000000000000000000011111
0000000000000000000000000000000000000000000001111
0000000000000000000000000000000000000000000000111
0000000000000000000000000000000000000000000000011
0000000000000000000000000000000000000000000000001
0000000000000000000000000000000000000000000000000
Case #65: POSSIBLE
0010100
0011111
0001111
0000111
0000011
0000001
0000000
Case #66: POSSIBLE
00110101100110101110100110010101011010
00111111111111111111111111111111111111
00011111111111111111111111111111111111
00001111111111111111111111111111111111
00000111111111111111111111111111111111
00000011111111111111111111111111111111
00000001111111111111111111111111111111
00000000111111111111111111111111111111
00000000011111111111111111111111111111
00000000001111111111111111111111111111
00000000000111111111111111111111111111
00000000000011111111111111111111111111
00000000000001111111111111111111111111
00000000000000111111111111111111111111
00000000000000011111111111111111111111
00000000000000001111111111111111111111
00000000000000000111111111111111111111
00000000000000000011111111111111111111
00000000000000000001111111111111111111
00000000000000000000111111111111111111
00000000000000000000011111111111111111
00000000000000000000001111111111111111
00000000000000000000000111111111111111
00000000000000000000000011111111111111
00000000000000000000000001111111111111
00000000000000000000000000111111111111
00000000000000000000000000011111111111
00000000000000000000000000001111111111
00000000000000000000000000000111111111
00000000000000000000000000000011111111
00000000000000000000000000000001111111
00000000000000000000000000000000111111
00000000000000000000000000000000011111
00000000000000000000000000000000001111
00000000000000000000000000000000000111
00000000000000000000000000000000000011
00000000000000000000000000000000000001
00000000000000000000000000000000000000
Case #67: POSSIBLE
0001000
0011111
0001111
0000111
0000011
0000001
0000000
Case #68: POSSIBLE
0101100
0011111
0001111
0000111
0000011
0000001
0000000
Case #69: POSSIBLE
0001010
0011111
0001111
0000111
0000011
0000001
0000000
Case #70: POSSIBLE
01101010100000110100111111010111101001100010
00111111111111111111111111111111111111111111
00011111111111111111111111111111111111111111
00001111111111111111111111111111111111111111
00000111111111111111111111111111111111111111
00000011111111111111111111111111111111111111
00000001111111111111111111111111111111111111
00000000111111111111111111111111111111111111
00000000011111111111111111111111111111111111
00000000001111111111111111111111111111111111
00000000000111111111111111111111111111111111
00000000000011111111111111111111111111111111
00000000000001111111111111111111111111111111
00000000000000111111111111111111111111111111
00000000000000011111111111111111111111111111
00000000000000001111111111111111111111111111
00000000000000000111111111111111111111111111
00000000000000000011111111111111111111111111
00000000000000000001111111111111111111111111
00000000000000000000111111111111111111111111
00000000000000000000011111111111111111111111
00000000000000000000001111111111111111111111
00000000000000000000000111111111111111111111
00000000000000000000000011111111111111111111
00000000000000000000000001111111111111111111
00000000000000000000000000111111111111111111
00000000000000000000000000011111111111111111
00000000000000000000000000001111111111111111
00000000000000000000000000000111111111111111
00000000000000000000000000000011111111111111
00000000000000000000000000000001111111111111
00000000000000000000000000000000111111111111
00000000000000000000000000000000011111111111
00000000000000000000000000000000001111111111
00000000000000000000000000000000000111111111
00000000000000000000000000000000000011111111
00000000000000000000000000000000000001111111
00000000000000000000000000000000000000111111
00000000000000000000000000000000000000011111
00000000000000000000000000000000000000001111
00000000000000000000000000000000000000000111
00000000000000000000000000000000000000000011
00000000000000000000000000000000000000000001
00000000000000000000000000000000000000000000
Case #71: POSSIBLE
0110
0011
0001
0000
Case #72: POSSIBLE
0000011110001001101000100011101000100
0011111111111111111111111111111111111
0001111111111111111111111111111111111
0000111111111111111111111111111111111
0000011111111111111111111111111111111
0000001111111111111111111111111111111
0000000111111111111111111111111111111
0000000011111111111111111111111111111
0000000001111111111111111111111111111
0000000000111111111111111111111111111
0000000000011111111111111111111111111
0000000000001111111111111111111111111
0000000000000111111111111111111111111
0000000000000011111111111111111111111
0000000000000001111111111111111111111
0000000000000000111111111111111111111
0000000000000000011111111111111111111
0000000000000000001111111111111111111
0000000000000000000111111111111111111
0000000000000000000011111111111111111
0000000000000000000001111111111111111
0000000000000000000000111111111111111
0000000000000000000000011111111111111
0000000000000000000000001111111111111
0000000000000000000000000111111111111
0000000000000000000000000011111111111
0000000000000000000000000001111111111
0000000000000000000000000000111111111
0000000000000000000000000000011111111
0000000000000000000000000000001111111
0000000000000000000000000000000111111
0000000000000000000000000000000011111
0000000000000000000000000000000001111
0000000000000000000000000000000000111
0000000000000000000000000000000000011
0000000000000000000000000000000000001
0000000000000000000000000000000000000
Case #73: POSSIBLE
0011010
0011111
0001111
0000111
0000011
0000001
0000000
Case #74: POSSIBLE
00110000000000000000000000000000000000000000000000
00111111111111111111111111111111111111111111111111
00011111111111111111111111111111111111111111111111
00001111111111111111111111111111111111111111111111
00000111111111111111111111111111111111111111111111
00000011111111111111111111111111111111111111111111
00000001111111111111111111111111111111111111111111
00000000111111111111111111111111111111111111111111
00000000011111111111111111111111111111111111111111
00000000001111111111111111111111111111111111111111
00000000000111111111111111111111111111111111111111
00000000000011111111111111111111111111111111111111
00000000000001111111111111111111111111111111111111
00000000000000111111111111111111111111111111111111
00000000000000011111111111111111111111111111111111
00000000000000001111111111111111111111111111111111
00000000000000000111111111111111111111111111111111
00000000000000000011111111111111111111111111111111
00000000000000000001111111111111111111111111111111
00000000000000000000111111111111111111111111111111
00000000000000000000011111111111111111111111111111
00000000000000000000001111111111111111111111111111
00000000000000000000000111111111111111111111111111
00000000000000000000000011111111111111111111111111
00000000000000000000000001111111111111111111111111
00000000000000000000000000111111111111111111111111
00000000000000000000000000011111111111111111111111
00000000000000000000000000001111111111111111111111
00000000000000000000000000000111111111111111111111
00000000000000000000000000000011111111111111111111
00000000000000000000000000000001111111111111111111
00000000000000000000000000000000111111111111111111
00000000000000000000000000000000011111111111111111
00000000000000000000000000000000001111111111111111
00000000000000000000000000000000000111111111111111
00000000000000000000000000000000000011111111111111
00000000000000000000000000000000000001111111111111
00000000000000000000000000000000000000111111111111
00000000000000000000000000000000000000011111111111
00000000000000000000000000000000000000001111111111
00000000000000000000000000000000000000000111111111
00000000000000000000000000000000000000000011111111
00000000000000000000000000000000000000000001111111
00000000000000000000000000000000000000000000111111
00000000000000000000000000000000000000000000011111
00000000000000000000000000000000000000000000001111
00000000000000000000000000000000000000000000000111
00000000000000000000000000000000000000000000000011
00000000000000000000000000000000000000000000000001
00000000000000000000000000000000000000000000000000
Case #75: IMPOSSIBLE
Case #76: POSSIBLE
0111011110000010000
0011111111111111111
0001111111111111111
0000111111111111111
0000011111111111111
0000001111111111111
0000000111111111111
0000000011111111111
0000000001111111111
0000000000111111111
0000000000011111111
0000000000001111111
0000000000000111111
0000000000000011111
0000000000000001111
0000000000000000111
0000000000000000011
0000000000000000001
0000000000000000000
Case #77: POSSIBLE
00000000000000000000000000000000000000000000000010
00111111111111111111111111111111111111111111111111
00011111111111111111111111111111111111111111111111
00001111111111111111111111111111111111111111111111
00000111111111111111111111111111111111111111111111
00000011111111111111111111111111111111111111111111
00000001111111111111111111111111111111111111111111
00000000111111111111111111111111111111111111111111
00000000011111111111111111111111111111111111111111
00000000001111111111111111111111111111111111111111
00000000000111111111111111111111111111111111111111
00000000000011111111111111111111111111111111111111
00000000000001111111111111111111111111111111111111
00000000000000111111111111111111111111111111111111
00000000000000011111111111111111111111111111111111
00000000000000001111111111111111111111111111111111
00000000000000000111111111111111111111111111111111
00000000000000000011111111111111111111111111111111
00000000000000000001111111111111111111111111111111
00000000000000000000111111111111111111111111111111
00000000000000000000011111111111111111111111111111
00000000000000000000001111111111111111111111111111
00000000000000000000000111111111111111111111111111
00000000000000000000000011111111111111111111111111
00000000000000000000000001111111111111111111111111
00000000000000000000000000111111111111111111111111
00000000000000000000000000011111111111111111111111
00000000000000000000000000001111111111111111111111
00000000000000000000000000000111111111111111111111
00000000000000000000000000000011111111111111111111
00000000000000000000000000000001111111111111111111
00000000000000000000000000000000111111111111111111
00000000000000000000000000000000011111111111111111
00000000000000000000000000000000001111111111111111
00000000000000000000000000000000000111111111111111
00000000000000000000000000000000000011111111111111
00000000000000000000000000000000000001111111111111
00000000000000000000000000000000000000111111111111
00000000000000000000000000000000000000011111111111
00000000000000000000000000000000000000001111111111
00000000000000000000000000000000000000000111111111
00000000000000000000000000000000000000000011111111
00000000000000000000000000000000000000000001111111
00000000000000000000000000000000000000000000111111
00000000000000000000000000000000000000000000011111
00000000000000000000000000000000000000000000001111
00000000000000000000000000000000000000000000000111
00000000000000000000000000000000000000000000000011
00000000000000000000000000000000000000000000000001
00000000000000000000000000000000000000000000000000
Case #78: POSSIBLE
0111110
0011111
0001111
0000111
0000011
0000001
0000000
Case #79: POSSIBLE
0101000
0011111
0001111
0000111
0000011
0000001
0000000
Case #80: POSSIBLE
01110011010000101011110
00111111111111111111111
00011111111111111111111
00001111111111111111111
00000111111111111111111
00000011111111111111111
00000001111111111111111
00000000111111111111111
00000000011111111111111
00000000001111111111111
00000000000111111111111
00000000000011111111111
00000000000001111111111
00000000000000111111111
00000000000000011111111
00000000000000001111111
00000000000000000111111
00000000000000000011111
00000000000000000001111
00000000000000000000111
00000000000000000000011
00000000000000000000001
00000000000000000000000
Case #81: POSSIBLE
01000111000100100110010100001010000011011000
00111111111111111111111111111111111111111111
00011111111111111111111111111111111111111111
00001111111111111111111111111111111111111111
00000111111111111111111111111111111111111111
00000011111111111111111111111111111111111111
00000001111111111111111111111111111111111111
00000000111111111111111111111111111111111111
00000000011111111111111111111111111111111111
00000000001111111111111111111111111111111111
00000000000111111111111111111111111111111111
00000000000011111111111111111111111111111111
00000000000001111111111111111111111111111111
00000000000000111111111111111111111111111111
00000000000000011111111111111111111111111111
00000000000000001111111111111111111111111111
00000000000000000111111111111111111111111111
00000000000000000011111111111111111111111111
00000000000000000001111111111111111111111111
00000000000000000000111111111111111111111111
00000000000000000000011111111111111111111111
00000000000000000000001111111111111111111111
00000000000000000000000111111111111111111111
00000000000000000000000011111111111111111111
00000000000000000000000001111111111111111111
00000000000000000000000000111111111111111111
00000000000000000000000000011111111111111111
00000000000000000000000000001111111111111111
00000000000000000000000000000111111111111111
00000000000000000000000000000011111111111111
00000000000000000000000000000001111111111111
00000000000000000000000000000000111111111111
00000000000000000000000000000000011111111111
00000000000000000000000000000000001111111111
00000000000000000000000000000000000111111111
00000000000000000000000000000000000011111111
00000000000000000000000000000000000001111111
00000000000000000000000000000000000000111111
00000000000000000000000000000000000000011111
00000000000000000000000000000000000000001111
00000000000000000000000000000000000000000111
00000000000000000000000000000000000000000011
00000000000000000000000000000000000000000001
00000000000000000000000000000000000000000000
Case #82: POSSIBLE
0110000
0011111
0001111
0000111
0000011
0000001
0000000
Case #83: POSSIBLE
01011000100000111011011010
00111111111111111111111111
00011111111111111111111111
00001111111111111111111111
00000111111111111111111111
00000011111111111111111111
00000001111111111111111111
00000000111111111111111111
00000000011111111111111111
00000000001111111111111111
00000000000111111111111111
00000000000011111111111111
00000000000001111111111111
00000000000000111111111111
00000000000000011111111111
00000000000000001111111111
00000000000000000111111111
00000000000000000011111111
00000000000000000001111111
00000000000000000000111111
00000000000000000000011111
00000000000000000000001111
00000000000000000000000111
00000000000000000000000011
00000000000000000000000001
00000000000000000000000000
Case #84: POSSIBLE
0011100000100011101111110010100000
0011111111111111111111111111111111
0001111111111111111111111111111111
0000111111111111111111111111111111
0000011111111111111111111111111111
0000001111111111111111111111111111
0000000111111111111111111111111111
0000000011111111111111111111111111
0000000001111111111111111111111111
0000000000111111111111111111111111
0000000000011111111111111111111111
0000000000001111111111111111111111
0000000000000111111111111111111111
0000000000000011111111111111111111
0000000000000001111111111111111111
0000000000000000111111111111111111
0000000000000000011111111111111111
0000000000000000001111111111111111
0000000000000000000111111111111111
0000000000000000000011111111111111
0000000000000000000001111111111111
0000000000000000000000111111111111
0000000000000000000000011111111111
0000000000000000000000001111111111
0000000000000000000000000111111111
0000000000000000000000000011111111
0000000000000000000000000001111111
0000000000000000000000000000111111
0000000000000000000000000000011111
0000000000000000000000000000001111
0000000000000000000000000000000111
0000000000000000000000000000000011
0000000000000000000000000000000001
0000000000000000000000000000000000
Case #85: POSSIBLE
0011100
0011111
0001111
0000111
0000011
0000001
0000000
Case #86: POSSIBLE
0010000
0011111
0001111
0000111
0000011
0000001
0000000
Case #87: POSSIBLE
000101001110101100110
001111111111111111111
000111111111111111111
000011111111111111111
000001111111111111111
000000111111111111111
000000011111111111111
000000001111111111111
000000000111111111111
000000000011111111111
000000000001111111111
000000000000111111111
000000000000011111111
000000000000001111111
000000000000000111111
000000000000000011111
000000000000000001111
000000000000000000111
000000000000000000011
000000000000000000001
000000000000000000000
Case #88: POSSIBLE
0101110
0011111
0001111
0000111
0000011
0000001
0000000
Case #89: POSSIBLE
0100100011111101000000100011110100
0011111111111111111111111111111111
0001111111111111111111111111111111
0000111111111111111111111111111111
0000011111111111111111111111111111
0000001111111111111111111111111111
0000000111111111111111111111111111
0000000011111111111111111111111111
0000000001111111111111111111111111
0000000000111111111111111111111111
0000000000011111111111111111111111
0000000000001111111111111111111111
0000000000000111111111111111111111
0000000000000011111111111111111111
0000000000000001111111111111111111
0000000000000000111111111111111111
0000000000000000011111111111111111
0000000000000000001111111111111111
0000000000000000000111111111111111
0000000000000000000011111111111111
0000000000000000000001111111111111
0000000000000000000000111111111111
0000000000000000000000011111111111
0000000000000000000000001111111111
0000000000000000000000000111111111
0000000000000000000000000011111111
0000000000000000000000000001111111
0000000000000000000000000000111111
0000000000000000000000000000011111
0000000000000000000000000000001111
0000000000000000000000000000000111
0000000000000000000000000000000011
0000000000000000000000000000000001
0000000000000000000000000000000000
Case #90: POSSIBLE
00101010000000000100100111110100101000000001110
00111111111111111111111111111111111111111111111
00011111111111111111111111111111111111111111111
00001111111111111111111111111111111111111111111
00000111111111111111111111111111111111111111111
00000011111111111111111111111111111111111111111
00000001111111111111111111111111111111111111111
00000000111111111111111111111111111111111111111
00000000011111111111111111111111111111111111111
00000000001111111111111111111111111111111111111
00000000000111111111111111111111111111111111111
00000000000011111111111111111111111111111111111
00000000000001111111111111111111111111111111111
00000000000000111111111111111111111111111111111
00000000000000011111111111111111111111111111111
00000000000000001111111111111111111111111111111
00000000000000000111111111111111111111111111111
00000000000000000011111111111111111111111111111
00000000000000000001111111111111111111111111111
00000000000000000000111111111111111111111111111
00000000000000000000011111111111111111111111111
00000000000000000000001111111111111111111111111
00000000000000000000000111111111111111111111111
00000000000000000000000011111111111111111111111
00000000000000000000000001111111111111111111111
00000000000000000000000000111111111111111111111
00000000000000000000000000011111111111111111111
00000000000000000000000000001111111111111111111
00000000000000000000000000000111111111111111111
00000000000000000000000000000011111111111111111
00000000000000000000000000000001111111111111111
00000000000000000000000000000000111111111111111
00000000000000000000000000000000011111111111111
00000000000000000000000000000000001111111111111
00000000000000000000000000000000000111111111111
00000000000000000000000000000000000011111111111
00000000000000000000000000000000000001111111111
00000000000000000000000000000000000000111111111
00000000000000000000000000000000000000011111111
00000000000000000000000000000000000000001111111
00000000000000000000000000000000000000000111111
00000000000000000000000000000000000000000011111
00000000000000000000000000000000000000000001111
00000000000000000000000000000000000000000000111
00000000000000000000000000000000000000000000011
00000000000000000000000000000000000000000000001
00000000000000000000000000000000000000000000000
Case #91: IMPOSSIBLE
Case #92: POSSIBLE
000001010001101110000
001111111111111111111
000111111111111111111
000011111111111111111
000001111111111111111
000000111111111111111
000000011111111111111
000000001111111111111
000000000111111111111
000000000011111111111
000000000001111111111
000000000000111111111
000000000000011111111
000000000000001111111
000000000000000111111
000000000000000011111
000000000000000001111
000000000000000000111
000000000000000000011
000000000000000000001
000000000000000000000
Case #93: POSSIBLE
01000000000000000000000000000000000000000000000000
00111111111111111111111111111111111111111111111111
00011111111111111111111111111111111111111111111111
00001111111111111111111111111111111111111111111111
00000111111111111111111111111111111111111111111111
00000011111111111111111111111111111111111111111111
00000001111111111111111111111111111111111111111111
00000000111111111111111111111111111111111111111111
00000000011111111111111111111111111111111111111111
00000000001111111111111111111111111111111111111111
00000000000111111111111111111111111111111111111111
00000000000011111111111111111111111111111111111111
00000000000001111111111111111111111111111111111111
00000000000000111111111111111111111111111111111111
00000000000000011111111111111111111111111111111111
00000000000000001111111111111111111111111111111111
00000000000000000111111111111111111111111111111111
00000000000000000011111111111111111111111111111111
00000000000000000001111111111111111111111111111111
00000000000000000000111111111111111111111111111111
00000000000000000000011111111111111111111111111111
00000000000000000000001111111111111111111111111111
00000000000000000000000111111111111111111111111111
00000000000000000000000011111111111111111111111111
00000000000000000000000001111111111111111111111111
00000000000000000000000000111111111111111111111111
00000000000000000000000000011111111111111111111111
00000000000000000000000000001111111111111111111111
00000000000000000000000000000111111111111111111111
00000000000000000000000000000011111111111111111111
00000000000000000000000000000001111111111111111111
00000000000000000000000000000000111111111111111111
00000000000000000000000000000000011111111111111111
00000000000000000000000000000000001111111111111111
00000000000000000000000000000000000111111111111111
00000000000000000000000000000000000011111111111111
00000000000000000000000000000000000001111111111111
00000000000000000000000000000000000000111111111111
00000000000000000000000000000000000000011111111111
00000000000000000000000000000000000000001111111111
00000000000000000000000000000000000000000111111111
00000000000000000000000000000000000000000011111111
00000000000000000000000000000000000000000001111111
00000000000000000000000000000000000000000000111111
00000000000000000000000000000000000000000000011111
00000000000000000000000000000000000000000000001111
00000000000000000000000000000000000000000000000111
00000000000000000000000000000000000000000000000011
00000000000000000000000000000000000000000000000001
00000000000000000000000000000000000000000000000000
Case #94: IMPOSSIBLE
Case #95: POSSIBLE
0111010
0011111
0001111
0000111
0000011
0000001
0000000
Case #96: POSSIBLE
011101000100101000000010001100000
001111111111111111111111111111111
000111111111111111111111111111111
000011111111111111111111111111111
000001111111111111111111111111111
000000111111111111111111111111111
000000011111111111111111111111111
000000001111111111111111111111111
000000000111111111111111111111111
000000000011111111111111111111111
000000000001111111111111111111111
000000000000111111111111111111111
000000000000011111111111111111111
000000000000001111111111111111111
000000000000000111111111111111111
000000000000000011111111111111111
000000000000000001111111111111111
000000000000000000111111111111111
000000000000000000011111111111111
000000000000000000001111111111111
000000000000000000000111111111111
000000000000000000000011111111111
000000000000000000000001111111111
000000000000000000000000111111111
000000000000000000000000011111111
000000000000000000000000001111111
000000000000000000000000000111111
000000000000000000000000000011111
000000000000000000000000000001111
000000000000000000000000000000111
000000000000000000000000000000011
000000000000000000000000000000001
000000000000000000000000000000000
Case #97: POSSIBLE
0111
0011
0001
0000
Case #98: POSSIBLE
010001110111111110011101000
001111111111111111111111111
000111111111111111111111111
000011111111111111111111111
000001111111111111111111111
000000111111111111111111111
000000011111111111111111111
000000001111111111111111111
000000000111111111111111111
000000000011111111111111111
000000000001111111111111111
000000000000111111111111111
000000000000011111111111111
000000000000001111111111111
000000000000000111111111111
000000000000000011111111111
000000000000000001111111111
000000000000000000111111111
000000000000000000011111111
000000000000000000001111111
000000000000000000000111111
000000000000000000000011111
000000000000000000000001111
000000000000000000000000111
000000000000000000000000011
000000000000000000000000001
000000000000000000000000000
Case #99: POSSIBLE
0111000
0011111
0001111
0000111
0000011
0000001
0000000
Case #100: POSSIBLE
00010001111001110
00111111111111111
00011111111111111
00001111111111111
00000111111111111
00000011111111111
00000001111111111
00000000111111111
00000000011111111
00000000001111111
00000000000111111
00000000000011111
00000000000001111
00000000000000111
00000000000000011
00000000000000001
00000000000000000
