Case #1: 0 1125899906842620
Case #2: 0 16711680
Case #3: 126 16777214
Case #4: 0 1125899906842112
Case #5: 274877906943 274877906943
Case #6: 0 16128
Case #7: 131070 137438953470
Case #8: 254 134217726
Case #9: 16382 2097150
Case #10: 0 33553920
Case #11: 17592186044414 1125899906842622
Case #12: 14 4194302
Case #13: 131070 536870910
Case #14: 2 17179869182
Case #15: 0 0
Case #16: 2 1125899906842622
Case #17: 0 985162418487296
Case #18: 0 8796093022206
Case #19: 2097150 549755813886
Case #20: 0 134217712
Case #21: 0 68719476732
Case #22: 30 131070
Case #23: 0 1121501860331520
Case #24: 14 14
Case #25: 0 4092
Case #26: 0 480
Case #27: 0 33554176
Case #28: 16382 65534
Case #29: 8388606 8388606
Case #30: 0 0
Case #31: 1048574 8388606
Case #32: 1099511627775 1099511627775
Case #33: 2 1125899906842622
Case #34: 0 0
Case #35: 0 536608768
Case #36: 1048574 562949953421310
Case #37: 0 8053063680
Case #38: 6 281474976710654
Case #39: 4194302 17179869182
Case #40: 254 1125899906842622
Case #41: 2 562949953421310
Case #42: 0 17592186044384
Case #43: 0 0
Case #44: 0 281474976710654
Case #45: 134217726 4294967294
Case #46: 134217726 2199023255550
Case #47: 0 1098437885952
Case #48: 0 2147483640
Case #49: 6 8190
Case #50: 0 520192
Case #51: 0 507904
Case #52: 2 4398046511102
Case #53: 1 1
Case #54: 0 1125899906840576
Case #55: 0 274877906940
Case #56: 1125899906842622 1125899906842622
Case #57: 126 8190
Case #58: 2 274877906942
Case #59: 0 28
Case #60: 65534 1125899906842622
Case #61: 0 17179869182
Case #62: 63 63
Case #63: 0 1125899906842622
Case #64: 254 1125899906842622
Case #65: 68719476734 137438953470
Case #66: 0 960
Case #67: 510 32766
Case #68: 281474976710654 562949953421310
Case #69: 0 4092
Case #70: 1125899906842623 1125899906842623
Case #71: 0 68718428160
Case #72: 2 2147483646
Case #73: 0 534773760
Case #74: 1022 8796093022206
Case #75: 254 510
Case #76: 16777214 16777214
Case #77: 0 12288
Case #78: 0 16777212
Case #79: 0 1099511627774
Case #80: 0 4
Case #81: 33554431 33554431
Case #82: 2 134217726
Case #83: 0 0
Case #84: 6 254
Case #85: 262142 4294967294
Case #86: 126 262142
Case #87: 6 2046
Case #88: 6 6
Case #89: 30 65534
Case #90: 6 126
Case #91: 0 8796093022206
Case #92: 0 0
Case #93: 2046 33554430
Case #94: 6 549755813886
Case #95: 0 17590038560768
Case #96: 0 6291456
Case #97: 0 8796093022192
Case #98: 549755813886 549755813886
Case #99: 0 8064
Case #100: 0 17591112302592
