Case #1: 0 252
Case #2: 0 28
Case #3: 63 63
Case #4: 63 63
Case #5: 510 1022
Case #6: 2 30
Case #7: 0 1022
Case #8: 0 0
Case #9: 14 62
Case #10: 2 30
Case #11: 0 28
Case #12: 255 255
Case #13: 0 6
Case #14: 0 112
Case #15: 0 28
Case #16: 0 4
Case #17: 6 126
Case #18: 0 2
Case #19: 126 1022
Case #20: 14 14
Case #21: 0 512
Case #22: 2 30
Case #23: 0 254
Case #24: 2 510
Case #25: 62 1022
Case #26: 2 30
Case #27: 2 30
Case #28: 2 30
Case #29: 0 0
Case #30: 0 120
Case #31: 6 62
Case #32: 2 30
Case #33: 0 508
Case #34: 2 254
Case #35: 0 508
Case #36: 2 6
Case #37: 0 0
Case #38: 0 0
Case #39: 0 1020
Case #40: 0 128
Case #41: 14 1022
Case #42: 2 30
Case #43: 2 254
Case #44: 254 1022
Case #45: 1023 1023
Case #46: 0 8
Case #47: 2 14
Case #48: 2 6
Case #49: 254 510
Case #50: 0 508
Case #51: 0 0
Case #52: 0 448
Case #53: 2 1022
Case #54: 0 6
Case #55: 6 30
Case #56: 0 28
Case #57: 0 254
Case #58: 0 496
Case #59: 6 6
Case #60: 254 254
Case #61: 126 1022
Case #62: 0 224
Case #63: 0 124
Case #64: 6 30
Case #65: 30 510
Case #66: 1022 1022
Case #67: 14 126
Case #68: 0 6
Case #69: 6 30
Case #70: 0 120
Case #71: 0 384
Case #72: 14 1022
Case #73: 2 30
Case #74: 0 24
Case #75: 62 510
Case #76: 0 28
Case #77: 0 28
Case #78: 0 1016
Case #79: 126 510
Case #80: 6 62
Case #81: 0 60
Case #82: 14 126
Case #83: 6 62
Case #84: 6 1022
Case #85: 511 511
Case #86: 2 30
Case #87: 0 1016
Case #88: 1 1
Case #89: 0 28
Case #90: 126 126
Case #91: 0 0
Case #92: 0 24
Case #93: 6 510
Case #94: 0 4
Case #95: 0 4
Case #96: 2 254
Case #97: 0 4
Case #98: 126 126
Case #99: 0 8
Case #100: 0 448
