Case #1: SEWEN
Case #2: SWEWN
Case #3: SNNSNNNNNNNNNEEEEENE
Case #4: SSSNSWWWWWWNWWW
Case #5: SSNNNNNNNNNN
Case #6: SNS
Case #7: SSSSSNNNNNSNNNNWWWW
Case #8: SSSSNNSNEENEEEE
Case #9: SNNSNWWNWWN
Case #10: NWS
Case #11: SSNEEEE
Case #12: NSNNWWNWW
Case #13: NSNNNNNNNNWWN
Case #14: SSSSNSSSSSSSSWWWWWSW
Case #15: NWE
Case #16: WS
Case #17: SSSSSSSNSSSWWWW
Case #18: WEW
Case #19: SNNSNNWWNWWN
Case #20: SSSNSWSWS
Case #21: E
Case #22: SSSSSSNSWWSWWWWWS
Case #23: NSNNNNEENEEEEE
Case #24: ES
Case #25: SEW
Case #26: SSSNNNNSNWWWNWW
Case #27: SSENEEE
Case #28: W
Case #29: SSSNSENEENN
Case #30: SWE
Case #31: SSSSNNSSS
Case #32: EEEEEEEEEE
Case #33: SSSESENEEEE
Case #34: SSSNSSSSEEESES
Case #35: S
Case #36: SSSSSSSSSSSSNNSSSEEEE
Case #37: SNNSWWWWWWWW
Case #38: NEW
Case #39: NNNNNNEEE
Case #40: SSSSSNNSNNNNWWWNWWWNN
Case #41: SSNSNNNNNNNNEEN
Case #42: SSSSSSSSSSSSEES
Case #43: NW
Case #44: SSSNNSNNNNN
Case #45: SSSNNSNNNNNNWWWWNWW
Case #46: SSSEENEEEEE
Case #47: SW
Case #48: SSSSNESEEEENE
Case #49: SNNSNNNNNENNNN
Case #50: N
